{
  "stats": {
    "suites": 1,
    "tests": 10,
    "passes": 9,
    "pending": 0,
    "failures": 1,
    "start": "2024-10-28T07:22:46.445Z",
    "end": "2024-10-28T07:23:32.513Z",
    "duration": 46068,
    "testsRegistered": 10,
    "passPercent": 90,
    "pendingPercent": 0,
    "other": 0,
    "hasOther": false,
    "skipped": 0,
    "hasSkipped": false
  },
  "results": [
    {
      "uuid": "7f835b76-5b74-4ec1-b46e-beb878211992",
      "title": "",
      "fullFile": "cypress\\e2e\\Feature\\AutomationTestStore.feature",
      "file": "cypress\\e2e\\Feature\\AutomationTestStore.feature",
      "beforeHooks": [],
      "afterHooks": [],
      "tests": [],
      "suites": [
        {
          "uuid": "699ea001-9dca-4429-bfd3-97400dbcbe37",
          "title": "Test complet du site Automation Test Store",
          "fullFile": "",
          "file": "",
          "beforeHooks": [],
          "afterHooks": [],
          "tests": [
            {
              "title": "Inscription réussie avec des informations valides",
              "fullTitle": "Test complet du site Automation Test Store Inscription réussie avec des informations valides",
              "timedOut": null,
              "duration": 11620,
              "state": "failed",
              "speed": null,
              "pass": false,
              "fail": true,
              "pending": false,
              "context": null,
              "code": "const state = window.testState;\nreturn cy\n  .then(() => state.onStartScenario(scenario, indexedSteps))\n  .then(() =>\n    resolveAndRunBeforeHooks.call(this, scenario.tags, state.feature.name)\n  )\n  .then(() =>\n    indexedSteps.forEach((step) =>\n      stepTest.call(this, state, step, rowData)\n    )\n  )\n  .then(() => state.onFinishScenario(scenario));",
              "err": {
                "message": "AssertionError: Timed out retrying after 4000ms: expected 'https://automationteststore.com/index.php?rt=account/create' to include 'account/success'",
                "estack": "AssertionError: Timed out retrying after 4000ms: expected 'https://automationteststore.com/index.php?rt=account/create' to include 'account/success'\n    at PageActions.verifyAccountCreated (cypress/PageObject/PageActions/PageActions.js:41:13)\n    at Context.eval (cypress/e2e/StepDefinition/AutomationTestStore.js:40:14)\n    at Context.resolveAndRunStepDefinition (node_modules/cypress-cucumber-preprocessor/lib/resolveStepDefinition.js:193:0)\n    at Context.eval (node_modules/cypress-cucumber-preprocessor/lib/createTestFromScenario.js:27:0)",
                "diff": null
              },
              "uuid": "c7859deb-8d2e-44af-a1b5-f1d85e8c4643",
              "parentUUID": "699ea001-9dca-4429-bfd3-97400dbcbe37",
              "isHook": false,
              "skipped": false
            },
            {
              "title": "Inscription échouée avec un email et un login existants",
              "fullTitle": "Test complet du site Automation Test Store Inscription échouée avec un email et un login existants",
              "timedOut": null,
              "duration": 6879,
              "state": "passed",
              "speed": "medium",
              "pass": true,
              "fail": false,
              "pending": false,
              "context": null,
              "code": "const state = window.testState;\nreturn cy\n  .then(() => state.onStartScenario(scenario, indexedSteps))\n  .then(() =>\n    resolveAndRunBeforeHooks.call(this, scenario.tags, state.feature.name)\n  )\n  .then(() =>\n    indexedSteps.forEach((step) =>\n      stepTest.call(this, state, step, rowData)\n    )\n  )\n  .then(() => state.onFinishScenario(scenario));",
              "err": {},
              "uuid": "37709e2f-c820-41aa-87e3-bb8c8cb930be",
              "parentUUID": "699ea001-9dca-4429-bfd3-97400dbcbe37",
              "isHook": false,
              "skipped": false
            },
            {
              "title": "Connexion réussie avec des informations valides",
              "fullTitle": "Test complet du site Automation Test Store Connexion réussie avec des informations valides",
              "timedOut": null,
              "duration": 3749,
              "state": "passed",
              "speed": "fast",
              "pass": true,
              "fail": false,
              "pending": false,
              "context": null,
              "code": "const state = window.testState;\nreturn cy\n  .then(() => state.onStartScenario(scenario, indexedSteps))\n  .then(() =>\n    resolveAndRunBeforeHooks.call(this, scenario.tags, state.feature.name)\n  )\n  .then(() =>\n    indexedSteps.forEach((step) =>\n      stepTest.call(this, state, step, rowData)\n    )\n  )\n  .then(() => state.onFinishScenario(scenario));",
              "err": {},
              "uuid": "536decf2-bc4e-4fd3-a74a-b048b8f96fd2",
              "parentUUID": "699ea001-9dca-4429-bfd3-97400dbcbe37",
              "isHook": false,
              "skipped": false
            },
            {
              "title": "Connexion échouée avec des identifiants invalides (example #1)",
              "fullTitle": "Test complet du site Automation Test Store Connexion échouée avec des identifiants invalides (example #1)",
              "timedOut": null,
              "duration": 3575,
              "state": "passed",
              "speed": "fast",
              "pass": true,
              "fail": false,
              "pending": false,
              "context": null,
              "code": "const state = window.testState;\nreturn cy\n  .then(() => state.onStartScenario(scenario, indexedSteps))\n  .then(() =>\n    resolveAndRunBeforeHooks.call(this, scenario.tags, state.feature.name)\n  )\n  .then(() =>\n    indexedSteps.forEach((step) =>\n      stepTest.call(this, state, step, rowData)\n    )\n  )\n  .then(() => state.onFinishScenario(scenario));",
              "err": {},
              "uuid": "0a7503db-4303-4824-aca8-7a2f21745b3b",
              "parentUUID": "699ea001-9dca-4429-bfd3-97400dbcbe37",
              "isHook": false,
              "skipped": false
            },
            {
              "title": "Connexion échouée avec des identifiants invalides (example #2)",
              "fullTitle": "Test complet du site Automation Test Store Connexion échouée avec des identifiants invalides (example #2)",
              "timedOut": null,
              "duration": 1888,
              "state": "passed",
              "speed": "fast",
              "pass": true,
              "fail": false,
              "pending": false,
              "context": null,
              "code": "const state = window.testState;\nreturn cy\n  .then(() => state.onStartScenario(scenario, indexedSteps))\n  .then(() =>\n    resolveAndRunBeforeHooks.call(this, scenario.tags, state.feature.name)\n  )\n  .then(() =>\n    indexedSteps.forEach((step) =>\n      stepTest.call(this, state, step, rowData)\n    )\n  )\n  .then(() => state.onFinishScenario(scenario));",
              "err": {},
              "uuid": "ebeda9c3-aaf9-479b-a940-7ba85d2b863e",
              "parentUUID": "699ea001-9dca-4429-bfd3-97400dbcbe37",
              "isHook": false,
              "skipped": false
            },
            {
              "title": "Connexion échouée avec des identifiants invalides (example #3)",
              "fullTitle": "Test complet du site Automation Test Store Connexion échouée avec des identifiants invalides (example #3)",
              "timedOut": null,
              "duration": 1815,
              "state": "passed",
              "speed": "fast",
              "pass": true,
              "fail": false,
              "pending": false,
              "context": null,
              "code": "const state = window.testState;\nreturn cy\n  .then(() => state.onStartScenario(scenario, indexedSteps))\n  .then(() =>\n    resolveAndRunBeforeHooks.call(this, scenario.tags, state.feature.name)\n  )\n  .then(() =>\n    indexedSteps.forEach((step) =>\n      stepTest.call(this, state, step, rowData)\n    )\n  )\n  .then(() => state.onFinishScenario(scenario));",
              "err": {},
              "uuid": "95a1253d-b874-4786-93a3-509633dab190",
              "parentUUID": "699ea001-9dca-4429-bfd3-97400dbcbe37",
              "isHook": false,
              "skipped": false
            },
            {
              "title": "Ajout de produits au panier après connexion",
              "fullTitle": "Test complet du site Automation Test Store Ajout de produits au panier après connexion",
              "timedOut": null,
              "duration": 4058,
              "state": "passed",
              "speed": "fast",
              "pass": true,
              "fail": false,
              "pending": false,
              "context": null,
              "code": "const state = window.testState;\nreturn cy\n  .then(() => state.onStartScenario(scenario, indexedSteps))\n  .then(() =>\n    resolveAndRunBeforeHooks.call(this, scenario.tags, state.feature.name)\n  )\n  .then(() =>\n    indexedSteps.forEach((step) =>\n      stepTest.call(this, state, step, rowData)\n    )\n  )\n  .then(() => state.onFinishScenario(scenario));",
              "err": {},
              "uuid": "00be6170-778d-4e33-9be5-75b68b5e6ea6",
              "parentUUID": "699ea001-9dca-4429-bfd3-97400dbcbe37",
              "isHook": false,
              "skipped": false
            },
            {
              "title": "Recherche de produit spécifique",
              "fullTitle": "Test complet du site Automation Test Store Recherche de produit spécifique",
              "timedOut": null,
              "duration": 2335,
              "state": "passed",
              "speed": "fast",
              "pass": true,
              "fail": false,
              "pending": false,
              "context": null,
              "code": "const state = window.testState;\nreturn cy\n  .then(() => state.onStartScenario(scenario, indexedSteps))\n  .then(() =>\n    resolveAndRunBeforeHooks.call(this, scenario.tags, state.feature.name)\n  )\n  .then(() =>\n    indexedSteps.forEach((step) =>\n      stepTest.call(this, state, step, rowData)\n    )\n  )\n  .then(() => state.onFinishScenario(scenario));",
              "err": {},
              "uuid": "17eb1d6c-3071-4f5e-b7e6-1089ec590861",
              "parentUUID": "699ea001-9dca-4429-bfd3-97400dbcbe37",
              "isHook": false,
              "skipped": false
            },
            {
              "title": "Passage à la caisse",
              "fullTitle": "Test complet du site Automation Test Store Passage à la caisse",
              "timedOut": null,
              "duration": 4807,
              "state": "passed",
              "speed": "fast",
              "pass": true,
              "fail": false,
              "pending": false,
              "context": null,
              "code": "const state = window.testState;\nreturn cy\n  .then(() => state.onStartScenario(scenario, indexedSteps))\n  .then(() =>\n    resolveAndRunBeforeHooks.call(this, scenario.tags, state.feature.name)\n  )\n  .then(() =>\n    indexedSteps.forEach((step) =>\n      stepTest.call(this, state, step, rowData)\n    )\n  )\n  .then(() => state.onFinishScenario(scenario));",
              "err": {},
              "uuid": "9164a98c-89d6-41d7-b6a1-6c0dec052365",
              "parentUUID": "699ea001-9dca-4429-bfd3-97400dbcbe37",
              "isHook": false,
              "skipped": false
            },
            {
              "title": "Déconnexion après achat",
              "fullTitle": "Test complet du site Automation Test Store Déconnexion après achat",
              "timedOut": null,
              "duration": 4483,
              "state": "passed",
              "speed": "fast",
              "pass": true,
              "fail": false,
              "pending": false,
              "context": null,
              "code": "const state = window.testState;\nreturn cy\n  .then(() => state.onStartScenario(scenario, indexedSteps))\n  .then(() =>\n    resolveAndRunBeforeHooks.call(this, scenario.tags, state.feature.name)\n  )\n  .then(() =>\n    indexedSteps.forEach((step) =>\n      stepTest.call(this, state, step, rowData)\n    )\n  )\n  .then(() => state.onFinishScenario(scenario));",
              "err": {},
              "uuid": "8050c9ae-84a5-4a0a-b198-be8a6d4a7a0b",
              "parentUUID": "699ea001-9dca-4429-bfd3-97400dbcbe37",
              "isHook": false,
              "skipped": false
            }
          ],
          "suites": [],
          "passes": [
            "37709e2f-c820-41aa-87e3-bb8c8cb930be",
            "536decf2-bc4e-4fd3-a74a-b048b8f96fd2",
            "0a7503db-4303-4824-aca8-7a2f21745b3b",
            "ebeda9c3-aaf9-479b-a940-7ba85d2b863e",
            "95a1253d-b874-4786-93a3-509633dab190",
            "00be6170-778d-4e33-9be5-75b68b5e6ea6",
            "17eb1d6c-3071-4f5e-b7e6-1089ec590861",
            "9164a98c-89d6-41d7-b6a1-6c0dec052365",
            "8050c9ae-84a5-4a0a-b198-be8a6d4a7a0b"
          ],
          "failures": [
            "c7859deb-8d2e-44af-a1b5-f1d85e8c4643"
          ],
          "pending": [],
          "skipped": [],
          "duration": 45209,
          "root": false,
          "rootEmpty": false,
          "_timeout": 2000
        }
      ],
      "passes": [],
      "failures": [],
      "pending": [],
      "skipped": [],
      "duration": 0,
      "root": true,
      "rootEmpty": true,
      "_timeout": 2000
    }
  ],
  "meta": {
    "mocha": {
      "version": "7.0.1"
    },
    "mochawesome": {
      "options": {
        "quiet": true,
        "reportFilename": "mochawesome",
        "saveHtml": false,
        "saveJson": true,
        "consoleReporter": "spec",
        "useInlineDiffs": false,
        "code": true
      },
      "version": "7.1.3"
    },
    "marge": {
      "options": {
        "charts": true,
        "reportPageTitle": "AutomationTestStore HTML-Report",
        "embeddedScreenshots": true,
        "inlineAssets": true,
        "saveAllAttempts": false,
        "quiet": true,
        "debug": true,
        "overwrite": false,
        "html": false,
        "json": true,
        "reportDir": "cypress\\reports\\html\\.jsons"
      },
      "version": "6.2.0"
    }
  }
}